<?xml version="1.0" encoding="UTF-8"?>
<!-- Generated by org.testng.reporters.JUnitReportReporter -->
<testsuite skipped="0" hostname="DESKTOP-QRQI4H9" name="mavenproject.mvnpjt.AppiumTest" tests="2" failures="0" timestamp="2020-10-27T00:08:54 IST" time="0.002" errors="0">
  <testcase name="IOsApp" time="0.001" classname="mavenproject.mvnpjt.AppiumTest"/>
  <system-out/>
  <testcase name="Androidtest" time="0.001" classname="mavenproject.mvnpjt.AppiumTest"/>
  <system-out/>
</testsuite> <!-- mavenproject.mvnpjt.AppiumTest -->
