<?xml version="1.0" encoding="UTF-8"?>
<!-- Generated by org.testng.reporters.JUnitReportReporter -->
<testsuite skipped="0" hostname="DESKTOP-QRQI4H9" name="mavenproject.mvnpjt.SeleniumTest" tests="2" failures="0" timestamp="2020-10-27T00:08:54 IST" time="0.001" errors="0">
  <testcase name="BrowserAutomation" time="0.001" classname="mavenproject.mvnpjt.SeleniumTest"/>
  <system-out/>
  <testcase name="ElementsUI" time="0.000" classname="mavenproject.mvnpjt.SeleniumTest"/>
  <system-out/>
</testsuite> <!-- mavenproject.mvnpjt.SeleniumTest -->
