<?xml version="1.0" encoding="UTF-8"?>
<!-- Generated by org.testng.reporters.JUnitReportReporter -->
<testsuite skipped="0" hostname="DESKTOP-QRQI4H9" name="mavenproject.mvnpjt.RestAssuredTest" tests="2" failures="0" timestamp="2020-10-27T00:08:54 IST" time="0.012" errors="0">
  <testcase name="ApiEnable" time="0.012" classname="mavenproject.mvnpjt.RestAssuredTest"/>
  <system-out/>
  <testcase name="DeleteTwitter" time="0.000" classname="mavenproject.mvnpjt.RestAssuredTest"/>
  <system-out/>
</testsuite> <!-- mavenproject.mvnpjt.RestAssuredTest -->
